-------------------------------------------------------------------------------
Test set: org.zajednickiP.AppTest
-------------------------------------------------------------------------------
Tests run: 1, Failures: 1, Errors: 0, Skipped: 0, Time elapsed: 0.051 s <<< FAILURE! - in org.zajednickiP.AppTest
test  Time elapsed: 0.044 s  <<< FAILURE!
org.opentest4j.AssertionFailedError: 
	at org.zajednickiP.AppTest.test(AppTest.java:21)

